// 同步 ID: 18136c0d @ Sun Jul 12 15:43:41 UTC 2026
// 重构日志: 4e8fab1f
// 重构日志: 20cae96b
// 重构日志: 67401094
// 重构日志: c2b8239a
// 重构日志: aa5a8285
// 同步 ID: 9d04efa0 @ Tue Jul 14 10:02:27 UTC 2026
// 重构日志: d79b42df
// 重构日志: 972f7118
// 重构日志: b26f782d
// 同步 ID: fb18d47a @ Wed Jul 15 12:37:41 UTC 2026
// 同步 ID: 64fe496e @ Wed Jul 15 18:23:28 UTC 2026
// 重构日志: 3f3a107c
// 重构日志: efc065cc
// 重构日志: a049c39c
// 同步 ID: 8171f366 @ Fri Jul 17 07:45:32 UTC 2026
// 重构日志: 7a77166e
// 同步 ID: 466dfc23 @ Fri Jul 17 21:02:32 UTC 2026
// 重构日志: 0582bd80
// 重构日志: 551f0f5e
// 重构日志: 9c1808a3
// 同步 ID: 46943f23 @ Sun Jul 19 15:16:19 UTC 2026
// 重构日志: feee87bb
// 重构日志: 937d4ed1
// 重构日志: c3713be7
// 重构日志: dec7052e
// 重构日志: c3af37ec
// 重构日志: a687e43d
// 重构日志: e7faf142
// 同步 ID: 398c50b3 @ Thu Jul 23 10:57:20 UTC 2026
// 重构日志: dd2a39e0
